23 Jul 2012 23:07:14    INFO [entQueue-0][            models.ElasticWord][       makeWord][  64] : Creando palabra:  "Many the animal she has mated with,
23 Jul 2012 23:07:14    INFO [entQueue-0][            models.ElasticWord][       makeWord][  64] : Creando palabra:  And will with more to come, until the Greyhound
23 Jul 2012 23:07:14    INFO [entQueue-0][            models.ElasticWord][       makeWord][  64] : Creando palabra:  That shall painfully slaughter her arrives.
23 Jul 2012 23:09:43   TRACE [ion Thread][               residua.Residua][          setup][  59] : inciando setup
23 Jul 2012 23:09:44   TRACE [entQueue-0][               residua.Residua][          setup][  59] : inciando setup
23 Jul 2012 23:09:44    INFO [entQueue-0][                 models.Sphere][lateCoordinates][ 117] : 
23 Jul 2012 23:09:44    INFO [entQueue-0][                 models.Sphere][lateCoordinates][ 117] : 
23 Jul 2012 23:09:44    INFO [entQueue-0][                 models.Sphere][lateCoordinates][ 117] : 
23 Jul 2012 23:09:44    INFO [entQueue-0][                 models.Sphere][lateCoordinates][ 117] : 
23 Jul 2012 23:09:44    INFO [entQueue-0][                 models.Sphere][lateCoordinates][ 117] : 
23 Jul 2012 23:09:44    INFO [entQueue-0][                 models.Sphere][lateCoordinates][ 117] : 
23 Jul 2012 23:09:44    INFO [entQueue-0][                 models.Sphere][lateCoordinates][ 117] : 
23 Jul 2012 23:09:44    INFO [entQueue-0][                 models.Sphere][lateCoordinates][ 117] : 
23 Jul 2012 23:09:44    INFO [entQueue-0][                 models.Sphere][lateCoordinates][ 117] : 
23 Jul 2012 23:09:44    INFO [entQueue-0][                 models.Sphere][lateCoordinates][ 117] : 
23 Jul 2012 23:09:44    INFO [entQueue-0][                 models.Sphere][lateCoordinates][ 117] : 
23 Jul 2012 23:09:44    INFO [entQueue-0][                 models.Sphere][lateCoordinates][ 117] : 
23 Jul 2012 23:09:44    INFO [entQueue-0][                 models.Sphere][lateCoordinates][ 117] : 
23 Jul 2012 23:09:44    INFO [entQueue-0][                 models.Sphere][lateCoordinates][ 117] : 
23 Jul 2012 23:09:44    INFO [entQueue-0][                 models.Sphere][lateCoordinates][ 117] : 
23 Jul 2012 23:09:44    INFO [entQueue-0][                 models.Sphere][lateCoordinates][ 117] : 
23 Jul 2012 23:09:44    INFO [entQueue-0][                 models.Sphere][lateCoordinates][ 117] : 
23 Jul 2012 23:09:44    INFO [entQueue-0][                 models.Sphere][lateCoordinates][ 117] : 
23 Jul 2012 23:09:44    INFO [entQueue-0][                 models.Sphere][lateCoordinates][ 117] : 
23 Jul 2012 23:09:44    INFO [entQueue-0][                 models.Sphere][lateCoordinates][ 117] : 
23 Jul 2012 23:09:44    INFO [entQueue-0][                 models.Sphere][lateCoordinates][ 117] : 
23 Jul 2012 23:09:44    INFO [entQueue-0][                 models.Sphere][lateCoordinates][ 117] : 
23 Jul 2012 23:09:44    INFO [entQueue-0][                 models.Sphere][lateCoordinates][ 117] : 
23 Jul 2012 23:09:44    INFO [entQueue-0][                 models.Sphere][lateCoordinates][ 117] : 
23 Jul 2012 23:09:44    INFO [entQueue-0][            models.ElasticWord][       makeWord][  64] : Creando palabra:  Halfway through the journey we are living
23 Jul 2012 23:09:44    INFO [entQueue-0][            models.ElasticWord][       makeWord][  64] : Creando palabra:  I found myself deep in a darkened forest,
23 Jul 2012 23:09:44    INFO [entQueue-0][            models.ElasticWord][       makeWord][  64] : Creando palabra:  For I had lost all trace of the straight path.
23 Jul 2012 23:09:44    INFO [entQueue-0][            models.ElasticWord][       makeWord][  64] : Creando palabra:  Ah how hard it is to tell what it was like,
23 Jul 2012 23:09:44    INFO [entQueue-0][            models.ElasticWord][       makeWord][  64] : Creando palabra:  How wild the forest was, how dense and rugged!
23 Jul 2012 23:09:44    INFO [entQueue-0][            models.ElasticWord][       makeWord][  64] : Creando palabra:  To think of it still fills my mind with panic.
23 Jul 2012 23:09:44    INFO [entQueue-0][            models.ElasticWord][       makeWord][  64] : Creando palabra:  So bitter it is that death is hardly worse!
23 Jul 2012 23:09:44    INFO [entQueue-0][            models.ElasticWord][       makeWord][  64] : Creando palabra:  But to describe the good discovered there
23 Jul 2012 23:09:44    INFO [entQueue-0][            models.ElasticWord][       makeWord][  64] : Creando palabra:  I here will tell the other things I saw.
23 Jul 2012 23:09:44    INFO [entQueue-0][            models.ElasticWord][       makeWord][  64] : Creando palabra:  I cannot say clearly how I entered there,
23 Jul 2012 23:09:44    INFO [entQueue-0][            models.ElasticWord][       makeWord][  64] : Creando palabra:  So drowsy with sleep had I grown at that hour
23 Jul 2012 23:09:44    INFO [entQueue-0][            models.ElasticWord][       makeWord][  64] : Creando palabra:  When first I wandered off from the true way.
23 Jul 2012 23:09:44    INFO [entQueue-0][            models.ElasticWord][       makeWord][  64] : Creando palabra:  But when I had reached the base of a hill,
23 Jul 2012 23:09:44    INFO [entQueue-0][            models.ElasticWord][       makeWord][  64] : Creando palabra:  There at the border where the valley ended
23 Jul 2012 23:09:44    INFO [entQueue-0][            models.ElasticWord][       makeWord][  64] : Creando palabra:  That had cut my heart to the quick with panic,
23 Jul 2012 23:09:44    INFO [entQueue-0][            models.ElasticWord][       makeWord][  64] : Creando palabra:  I looked up at the hill and saw its shoulder
23 Jul 2012 23:09:44    INFO [entQueue-0][            models.ElasticWord][       makeWord][  64] : Creando palabra:  Mantled already with the planet's light
23 Jul 2012 23:09:44    INFO [entQueue-0][            models.ElasticWord][       makeWord][  64] : Creando palabra:  That leads all people straight by every road.
23 Jul 2012 23:09:44    INFO [entQueue-0][            models.ElasticWord][       makeWord][  64] : Creando palabra:  With that my panic quieted a little
23 Jul 2012 23:09:44    INFO [entQueue-0][            models.ElasticWord][       makeWord][  64] : Creando palabra:  After lingering on in the lake of my heart
23 Jul 2012 23:09:44    INFO [entQueue-0][            models.ElasticWord][       makeWord][  64] : Creando palabra:  Through the night I had so grievously passed.
23 Jul 2012 23:09:44    INFO [entQueue-0][            models.ElasticWord][       makeWord][  64] : Creando palabra:  And like a person who with panting breath
23 Jul 2012 23:09:44    INFO [entQueue-0][            models.ElasticWord][       makeWord][  64] : Creando palabra:  Struggles ashore out of the wide ocean
23 Jul 2012 23:09:44    INFO [entQueue-0][            models.ElasticWord][       makeWord][  64] : Creando palabra:  Only to glance back at the treacherous surf,
23 Jul 2012 23:09:44    INFO [entQueue-0][            models.ElasticWord][       makeWord][  64] : Creando palabra:  Just so my mind, racing on ahead,
23 Jul 2012 23:09:44    INFO [entQueue-0][            models.ElasticWord][       makeWord][  64] : Creando palabra:  Turned back to marvel at the pass no one
23 Jul 2012 23:09:44    INFO [entQueue-0][            models.ElasticWord][       makeWord][  64] : Creando palabra:  Ever before had issued from alive.
23 Jul 2012 23:09:44    INFO [entQueue-0][            models.ElasticWord][       makeWord][  64] : Creando palabra:  After resting awhile my worn-out body,
23 Jul 2012 23:09:44    INFO [entQueue-0][            models.ElasticWord][       makeWord][  64] : Creando palabra:  I pressed on up the wasted slope so that
23 Jul 2012 23:09:44    INFO [entQueue-0][            models.ElasticWord][       makeWord][  64] : Creando palabra:  I always had one firm foot on the ground.
23 Jul 2012 23:09:44    INFO [entQueue-0][            models.ElasticWord][       makeWord][  64] : Creando palabra:  But look! right near the upgrade of the climb
23 Jul 2012 23:09:44    INFO [entQueue-0][            models.ElasticWord][       makeWord][  64] : Creando palabra:  Loomed a fleet and nimble-footed leopard
23 Jul 2012 23:09:44    INFO [entQueue-0][            models.ElasticWord][       makeWord][  64] : Creando palabra:  With coat completely covered by dark spots!
23 Jul 2012 23:09:44    INFO [entQueue-0][            models.ElasticWord][       makeWord][  64] : Creando palabra:  He did not flinch or back off from my gaze,
23 Jul 2012 23:09:44    INFO [entQueue-0][            models.ElasticWord][       makeWord][  64] : Creando palabra:  But blocking the path that lay before me,
23 Jul 2012 23:09:44    INFO [entQueue-0][            models.ElasticWord][       makeWord][  64] : Creando palabra:  Time and again he forced me to turn around.
23 Jul 2012 23:09:44    INFO [entQueue-0][            models.ElasticWord][       makeWord][  64] : Creando palabra:  The hour was the beginning of the morning,
23 Jul 2012 23:09:44    INFO [entQueue-0][            models.ElasticWord][       makeWord][  64] : Creando palabra:  And the sun was rising with those stars
23 Jul 2012 23:09:44    INFO [entQueue-0][            models.ElasticWord][       makeWord][  64] : Creando palabra:  That first attended it when divine Love
23 Jul 2012 23:09:44    INFO [entQueue-0][            models.ElasticWord][       makeWord][  64] : Creando palabra:  Set these lovely creations round in motion,
23 Jul 2012 23:09:44    INFO [entQueue-0][            models.ElasticWord][       makeWord][  64] : Creando palabra:  So that the early hour and the pleasant season
23 Jul 2012 23:09:44    INFO [entQueue-0][            models.ElasticWord][       makeWord][  64] : Creando palabra:  Gave me good reason to keep up my hopes
23 Jul 2012 23:09:44    INFO [entQueue-0][            models.ElasticWord][       makeWord][  64] : Creando palabra:  Of that fierce beast there with his gaudy pelt.
23 Jul 2012 23:09:44    INFO [entQueue-0][            models.ElasticWord][       makeWord][  64] : Creando palabra:  But not so when — to add now to my fears —
23 Jul 2012 23:09:44    INFO [entQueue-0][            models.ElasticWord][       makeWord][  64] : Creando palabra:  In front of me I caught sight of a lion!
23 Jul 2012 23:09:44    INFO [entQueue-0][            models.ElasticWord][       makeWord][  64] : Creando palabra:  He appeared to be coming straight at me
23 Jul 2012 23:09:44    INFO [entQueue-0][            models.ElasticWord][       makeWord][  64] : Creando palabra:  With head held high and furious for hunger,
23 Jul 2012 23:09:44    INFO [entQueue-0][            models.ElasticWord][       makeWord][  64] : Creando palabra:  So that the air itself seemed to be shaking.
23 Jul 2012 23:09:44    INFO [entQueue-0][            models.ElasticWord][       makeWord][  64] : Creando palabra:  And then a wolf stalked, ravenously lean,
23 Jul 2012 23:09:44    INFO [entQueue-0][            models.ElasticWord][       makeWord][  64] : Creando palabra:  Seemingly laden with such endless cravings
23 Jul 2012 23:09:44    INFO [entQueue-0][            models.ElasticWord][       makeWord][  64] : Creando palabra:  That she had made many live in misery!
23 Jul 2012 23:09:44    INFO [entQueue-0][            models.ElasticWord][       makeWord][  64] : Creando palabra:  She caused my spirits to sink down so low,
23 Jul 2012 23:09:44    INFO [entQueue-0][            models.ElasticWord][       makeWord][  64] : Creando palabra:  From the dread I felt in seeing her there,
23 Jul 2012 23:09:44    INFO [entQueue-0][            models.ElasticWord][       makeWord][  64] : Creando palabra:  I lost all hope of climbing to the summit.
23 Jul 2012 23:09:44    INFO [entQueue-0][            models.ElasticWord][       makeWord][  64] : Creando palabra:  And just as a man, anxious for big winnings,
23 Jul 2012 23:09:44    INFO [entQueue-0][            models.ElasticWord][       makeWord][  64] : Creando palabra:  But the time comes instead for him to lose,
23 Jul 2012 23:09:44    INFO [entQueue-0][            models.ElasticWord][       makeWord][  64] : Creando palabra:  Cries and grieves the more he thinks about it,
23 Jul 2012 23:09:44    INFO [entQueue-0][            models.ElasticWord][       makeWord][  64] : Creando palabra:  So did the restless she-beast make me feel
23 Jul 2012 23:09:44    INFO [entQueue-0][            models.ElasticWord][       makeWord][  64] : Creando palabra:  When, edging closer toward me, step by step,
23 Jul 2012 23:09:44    INFO [entQueue-0][            models.ElasticWord][       makeWord][  64] : Creando palabra:  She drove me back to where the sun is silent.
23 Jul 2012 23:09:44    INFO [entQueue-0][            models.ElasticWord][       makeWord][  64] : Creando palabra:  While I was falling back to lower ground,
23 Jul 2012 23:09:44    INFO [entQueue-0][            models.ElasticWord][       makeWord][  64] : Creando palabra:  Before my eyes now came a figure forward
23 Jul 2012 23:09:44    INFO [entQueue-0][            models.ElasticWord][       makeWord][  64] : Creando palabra:  Of one grown feeble from long being mute.
23 Jul 2012 23:09:44    INFO [entQueue-0][            models.ElasticWord][       makeWord][  64] : Creando palabra:  When I saw him in that deserted spot,
23 Jul 2012 23:09:44    INFO [entQueue-0][            models.ElasticWord][       makeWord][  64] : Creando palabra:  "Pity me!" I shouted out to him,
23 Jul 2012 23:09:44    INFO [entQueue-0][            models.ElasticWord][       makeWord][  64] : Creando palabra:  "Whoever you are, a shade or living man."
23 Jul 2012 23:09:44    INFO [entQueue-0][            models.ElasticWord][       makeWord][  64] : Creando palabra:  "Not a man," he answered. "Once a man,
23 Jul 2012 23:09:44    INFO [entQueue-0][            models.ElasticWord][       makeWord][  64] : Creando palabra:  Of parents who had come from Lombardy;
23 Jul 2012 23:09:44    INFO [entQueue-0][            models.ElasticWord][       makeWord][  64] : Creando palabra:  Both of them were Mantuans by birth.
23 Jul 2012 23:09:44    INFO [entQueue-0][            models.ElasticWord][       makeWord][  64] : Creando palabra:  "I was born late in Julius's reign
23 Jul 2012 23:09:44    INFO [entQueue-0][            models.ElasticWord][       makeWord][  64] : Creando palabra:  And dwelt at Rome under the good Augustus
23 Jul 2012 23:09:44    INFO [entQueue-0][            models.ElasticWord][       makeWord][  64] : Creando palabra:  In the period of false and lying gods.
23 Jul 2012 23:09:44    INFO [entQueue-0][            models.ElasticWord][       makeWord][  64] : Creando palabra:  "A poet I was, and I sang of the just
23 Jul 2012 23:09:44    INFO [entQueue-0][            models.ElasticWord][       makeWord][  64] : Creando palabra:  Son of Anchises who embarked from Troy
23 Jul 2012 23:09:44    INFO [entQueue-0][            models.ElasticWord][       makeWord][  64] : Creando palabra:  After proud Ilium was burned to ashes.
23 Jul 2012 23:09:44    INFO [entQueue-0][            models.ElasticWord][       makeWord][  64] : Creando palabra:  "But why do you turn back to so much grief?
23 Jul 2012 23:09:44    INFO [entQueue-0][            models.ElasticWord][       makeWord][  64] : Creando palabra:  Why not bound up the delightful mountain
23 Jul 2012 23:09:44    INFO [entQueue-0][            models.ElasticWord][       makeWord][  64] : Creando palabra:  Which is the source and font of every joy?"
23 Jul 2012 23:09:44    INFO [entQueue-0][            models.ElasticWord][       makeWord][  64] : Creando palabra:  "Are you then Virgil and that wellspring
23 Jul 2012 23:09:44    INFO [entQueue-0][            models.ElasticWord][       makeWord][  64] : Creando palabra:  That pours forth so lush a stream of speech?"
23 Jul 2012 23:09:44    INFO [entQueue-0][            models.ElasticWord][       makeWord][  64] : Creando palabra:  Shamefacedly I responded to him.
23 Jul 2012 23:09:44    INFO [entQueue-0][            models.ElasticWord][       makeWord][  64] : Creando palabra:  "O glory and light of all other poets,
23 Jul 2012 23:09:44    INFO [entQueue-0][            models.ElasticWord][       makeWord][  64] : Creando palabra:  May the long study and the profound love
23 Jul 2012 23:09:44    INFO [entQueue-0][            models.ElasticWord][       makeWord][  64] : Creando palabra:  That made me search your work come to my aid!
23 Jul 2012 23:09:44    INFO [entQueue-0][            models.ElasticWord][       makeWord][  64] : Creando palabra:  "You are my mentor and my chosen author:
23 Jul 2012 23:09:44    INFO [entQueue-0][            models.ElasticWord][       makeWord][  64] : Creando palabra:  Alone you are the one from whom I have taken
23 Jul 2012 23:09:44    INFO [entQueue-0][            models.ElasticWord][       makeWord][  64] : Creando palabra:  The beautiful style that has brought me honor.
23 Jul 2012 23:09:44    INFO [entQueue-0][            models.ElasticWord][       makeWord][  64] : Creando palabra:  "Look at the beast that drove me to turn back!
23 Jul 2012 23:09:44    INFO [entQueue-0][            models.ElasticWord][       makeWord][  64] : Creando palabra:  Rescue me from her, celebrated sage,
23 Jul 2012 23:09:44    INFO [entQueue-0][            models.ElasticWord][       makeWord][  64] : Creando palabra:  For she causes my veins and pulse to tremble."
23 Jul 2012 23:09:44    INFO [entQueue-0][            models.ElasticWord][       makeWord][  64] : Creando palabra:  "You are destined to take another route,"
23 Jul 2012 23:09:44    INFO [entQueue-0][            models.ElasticWord][       makeWord][  64] : Creando palabra:  He answered, seeing me reduced to tears,
23 Jul 2012 23:09:44    INFO [entQueue-0][            models.ElasticWord][       makeWord][  64] : Creando palabra:  "If you want to be clear of this wilderness,
23 Jul 2012 23:09:44    INFO [entQueue-0][            models.ElasticWord][       makeWord][  64] : Creando palabra:  "Because this beast that forces you to cry out
23 Jul 2012 23:09:44    INFO [entQueue-0][            models.ElasticWord][       makeWord][  64] : Creando palabra:  Will not let anyone pass by her way
23 Jul 2012 23:09:44    INFO [entQueue-0][            models.ElasticWord][       makeWord][  64] : Creando palabra:  But harries him until she finally kills him.
23 Jul 2012 23:09:44    INFO [entQueue-0][            models.ElasticWord][       makeWord][  64] : Creando palabra:  "By nature she is so depraved and vicious
23 Jul 2012 23:09:44    INFO [entQueue-0][            models.ElasticWord][       makeWord][  64] : Creando palabra:  That her greedy appetite is never filled:
23 Jul 2012 23:09:44    INFO [entQueue-0][            models.ElasticWord][       makeWord][  64] : Creando palabra:  The more she feeds, the hungrier she grows.
23 Jul 2012 23:09:44    INFO [entQueue-0][            models.ElasticWord][       makeWord][  64] : Creando palabra:  "Many the animal she has mated with,
23 Jul 2012 23:09:44    INFO [entQueue-0][            models.ElasticWord][       makeWord][  64] : Creando palabra:  And will with more to come, until the Greyhound
23 Jul 2012 23:09:44    INFO [entQueue-0][            models.ElasticWord][       makeWord][  64] : Creando palabra:  That shall painfully slaughter her arrives.
23 Jul 2012 23:40:34   TRACE [ion Thread][               residua.Residua][          setup][  59] : inciando setup
23 Jul 2012 23:40:35   TRACE [entQueue-0][               residua.Residua][          setup][  59] : inciando setup
23 Jul 2012 23:40:35    INFO [entQueue-0][                 models.Sphere][lateCoordinates][ 117] : 
23 Jul 2012 23:40:35    INFO [entQueue-0][                 models.Sphere][lateCoordinates][ 117] : 
23 Jul 2012 23:40:35    INFO [entQueue-0][                 models.Sphere][lateCoordinates][ 117] : 
23 Jul 2012 23:40:35    INFO [entQueue-0][                 models.Sphere][lateCoordinates][ 117] : 
23 Jul 2012 23:40:35    INFO [entQueue-0][                 models.Sphere][lateCoordinates][ 117] : 
23 Jul 2012 23:40:35    INFO [entQueue-0][                 models.Sphere][lateCoordinates][ 117] : 
23 Jul 2012 23:40:35    INFO [entQueue-0][                 models.Sphere][lateCoordinates][ 117] : 
23 Jul 2012 23:40:35    INFO [entQueue-0][                 models.Sphere][lateCoordinates][ 117] : 
23 Jul 2012 23:40:35    INFO [entQueue-0][                 models.Sphere][lateCoordinates][ 117] : 
23 Jul 2012 23:40:35    INFO [entQueue-0][                 models.Sphere][lateCoordinates][ 117] : 
23 Jul 2012 23:40:35    INFO [entQueue-0][                 models.Sphere][lateCoordinates][ 117] : 
23 Jul 2012 23:40:35    INFO [entQueue-0][                 models.Sphere][lateCoordinates][ 117] : 
23 Jul 2012 23:40:35    INFO [entQueue-0][                 models.Sphere][lateCoordinates][ 117] : 
23 Jul 2012 23:40:35    INFO [entQueue-0][                 models.Sphere][lateCoordinates][ 117] : 
23 Jul 2012 23:40:35    INFO [entQueue-0][                 models.Sphere][lateCoordinates][ 117] : 
23 Jul 2012 23:40:35    INFO [entQueue-0][                 models.Sphere][lateCoordinates][ 117] : 
23 Jul 2012 23:40:35    INFO [entQueue-0][                 models.Sphere][lateCoordinates][ 117] : 
23 Jul 2012 23:40:35    INFO [entQueue-0][                 models.Sphere][lateCoordinates][ 117] : 
23 Jul 2012 23:40:35    INFO [entQueue-0][                 models.Sphere][lateCoordinates][ 117] : 
23 Jul 2012 23:40:35    INFO [entQueue-0][                 models.Sphere][lateCoordinates][ 117] : 
23 Jul 2012 23:40:35    INFO [entQueue-0][                 models.Sphere][lateCoordinates][ 117] : 
23 Jul 2012 23:40:35    INFO [entQueue-0][                 models.Sphere][lateCoordinates][ 117] : 
23 Jul 2012 23:40:35    INFO [entQueue-0][                 models.Sphere][lateCoordinates][ 117] : 
23 Jul 2012 23:40:35    INFO [entQueue-0][                 models.Sphere][lateCoordinates][ 117] : 
23 Jul 2012 23:40:35    INFO [entQueue-0][            models.ElasticWord][       makeWord][  64] : Creando palabra:  Halfway through the journey we are living
23 Jul 2012 23:40:35    INFO [entQueue-0][            models.ElasticWord][       makeWord][  64] : Creando palabra:  I found myself deep in a darkened forest,
23 Jul 2012 23:40:35    INFO [entQueue-0][            models.ElasticWord][       makeWord][  64] : Creando palabra:  For I had lost all trace of the straight path.
23 Jul 2012 23:40:35    INFO [entQueue-0][            models.ElasticWord][       makeWord][  64] : Creando palabra:  Ah how hard it is to tell what it was like,
23 Jul 2012 23:40:35    INFO [entQueue-0][            models.ElasticWord][       makeWord][  64] : Creando palabra:  How wild the forest was, how dense and rugged!
23 Jul 2012 23:40:35    INFO [entQueue-0][            models.ElasticWord][       makeWord][  64] : Creando palabra:  To think of it still fills my mind with panic.
23 Jul 2012 23:40:35    INFO [entQueue-0][            models.ElasticWord][       makeWord][  64] : Creando palabra:  So bitter it is that death is hardly worse!
23 Jul 2012 23:40:35    INFO [entQueue-0][            models.ElasticWord][       makeWord][  64] : Creando palabra:  But to describe the good discovered there
23 Jul 2012 23:40:35    INFO [entQueue-0][            models.ElasticWord][       makeWord][  64] : Creando palabra:  I here will tell the other things I saw.
23 Jul 2012 23:40:35    INFO [entQueue-0][            models.ElasticWord][       makeWord][  64] : Creando palabra:  I cannot say clearly how I entered there,
23 Jul 2012 23:40:35    INFO [entQueue-0][            models.ElasticWord][       makeWord][  64] : Creando palabra:  So drowsy with sleep had I grown at that hour
23 Jul 2012 23:40:35    INFO [entQueue-0][            models.ElasticWord][       makeWord][  64] : Creando palabra:  When first I wandered off from the true way.
23 Jul 2012 23:40:35    INFO [entQueue-0][            models.ElasticWord][       makeWord][  64] : Creando palabra:  But when I had reached the base of a hill,
23 Jul 2012 23:40:35    INFO [entQueue-0][            models.ElasticWord][       makeWord][  64] : Creando palabra:  There at the border where the valley ended
23 Jul 2012 23:40:35    INFO [entQueue-0][            models.ElasticWord][       makeWord][  64] : Creando palabra:  That had cut my heart to the quick with panic,
23 Jul 2012 23:40:35    INFO [entQueue-0][            models.ElasticWord][       makeWord][  64] : Creando palabra:  I looked up at the hill and saw its shoulder
23 Jul 2012 23:40:35    INFO [entQueue-0][            models.ElasticWord][       makeWord][  64] : Creando palabra:  Mantled already with the planet's light
23 Jul 2012 23:40:35    INFO [entQueue-0][            models.ElasticWord][       makeWord][  64] : Creando palabra:  That leads all people straight by every road.
23 Jul 2012 23:40:35    INFO [entQueue-0][            models.ElasticWord][       makeWord][  64] : Creando palabra:  With that my panic quieted a little
23 Jul 2012 23:40:35    INFO [entQueue-0][            models.ElasticWord][       makeWord][  64] : Creando palabra:  After lingering on in the lake of my heart
23 Jul 2012 23:40:35    INFO [entQueue-0][            models.ElasticWord][       makeWord][  64] : Creando palabra:  Through the night I had so grievously passed.
23 Jul 2012 23:40:35    INFO [entQueue-0][            models.ElasticWord][       makeWord][  64] : Creando palabra:  And like a person who with panting breath
23 Jul 2012 23:40:35    INFO [entQueue-0][            models.ElasticWord][       makeWord][  64] : Creando palabra:  Struggles ashore out of the wide ocean
23 Jul 2012 23:40:35    INFO [entQueue-0][            models.ElasticWord][       makeWord][  64] : Creando palabra:  Only to glance back at the treacherous surf,
23 Jul 2012 23:40:35    INFO [entQueue-0][            models.ElasticWord][       makeWord][  64] : Creando palabra:  Just so my mind, racing on ahead,
23 Jul 2012 23:40:35    INFO [entQueue-0][            models.ElasticWord][       makeWord][  64] : Creando palabra:  Turned back to marvel at the pass no one
23 Jul 2012 23:40:35    INFO [entQueue-0][            models.ElasticWord][       makeWord][  64] : Creando palabra:  Ever before had issued from alive.
23 Jul 2012 23:40:35    INFO [entQueue-0][            models.ElasticWord][       makeWord][  64] : Creando palabra:  After resting awhile my worn-out body,
23 Jul 2012 23:40:35    INFO [entQueue-0][            models.ElasticWord][       makeWord][  64] : Creando palabra:  I pressed on up the wasted slope so that
23 Jul 2012 23:40:35    INFO [entQueue-0][            models.ElasticWord][       makeWord][  64] : Creando palabra:  I always had one firm foot on the ground.
23 Jul 2012 23:40:35    INFO [entQueue-0][            models.ElasticWord][       makeWord][  64] : Creando palabra:  But look! right near the upgrade of the climb
23 Jul 2012 23:40:35    INFO [entQueue-0][            models.ElasticWord][       makeWord][  64] : Creando palabra:  Loomed a fleet and nimble-footed leopard
23 Jul 2012 23:40:35    INFO [entQueue-0][            models.ElasticWord][       makeWord][  64] : Creando palabra:  With coat completely covered by dark spots!
23 Jul 2012 23:40:35    INFO [entQueue-0][            models.ElasticWord][       makeWord][  64] : Creando palabra:  He did not flinch or back off from my gaze,
23 Jul 2012 23:40:35    INFO [entQueue-0][            models.ElasticWord][       makeWord][  64] : Creando palabra:  But blocking the path that lay before me,
23 Jul 2012 23:40:35    INFO [entQueue-0][            models.ElasticWord][       makeWord][  64] : Creando palabra:  Time and again he forced me to turn around.
23 Jul 2012 23:40:35    INFO [entQueue-0][            models.ElasticWord][       makeWord][  64] : Creando palabra:  The hour was the beginning of the morning,
23 Jul 2012 23:40:35    INFO [entQueue-0][            models.ElasticWord][       makeWord][  64] : Creando palabra:  And the sun was rising with those stars
23 Jul 2012 23:40:35    INFO [entQueue-0][            models.ElasticWord][       makeWord][  64] : Creando palabra:  That first attended it when divine Love
23 Jul 2012 23:40:35    INFO [entQueue-0][            models.ElasticWord][       makeWord][  64] : Creando palabra:  Set these lovely creations round in motion,
23 Jul 2012 23:40:35    INFO [entQueue-0][            models.ElasticWord][       makeWord][  64] : Creando palabra:  So that the early hour and the pleasant season
23 Jul 2012 23:40:35    INFO [entQueue-0][            models.ElasticWord][       makeWord][  64] : Creando palabra:  Gave me good reason to keep up my hopes
23 Jul 2012 23:40:35    INFO [entQueue-0][            models.ElasticWord][       makeWord][  64] : Creando palabra:  Of that fierce beast there with his gaudy pelt.
23 Jul 2012 23:40:35    INFO [entQueue-0][            models.ElasticWord][       makeWord][  64] : Creando palabra:  But not so when — to add now to my fears —
23 Jul 2012 23:40:35    INFO [entQueue-0][            models.ElasticWord][       makeWord][  64] : Creando palabra:  In front of me I caught sight of a lion!
23 Jul 2012 23:40:35    INFO [entQueue-0][            models.ElasticWord][       makeWord][  64] : Creando palabra:  He appeared to be coming straight at me
23 Jul 2012 23:40:35    INFO [entQueue-0][            models.ElasticWord][       makeWord][  64] : Creando palabra:  With head held high and furious for hunger,
23 Jul 2012 23:40:35    INFO [entQueue-0][            models.ElasticWord][       makeWord][  64] : Creando palabra:  So that the air itself seemed to be shaking.
23 Jul 2012 23:40:35    INFO [entQueue-0][            models.ElasticWord][       makeWord][  64] : Creando palabra:  And then a wolf stalked, ravenously lean,
23 Jul 2012 23:40:35    INFO [entQueue-0][            models.ElasticWord][       makeWord][  64] : Creando palabra:  Seemingly laden with such endless cravings
23 Jul 2012 23:40:35    INFO [entQueue-0][            models.ElasticWord][       makeWord][  64] : Creando palabra:  That she had made many live in misery!
23 Jul 2012 23:40:35    INFO [entQueue-0][            models.ElasticWord][       makeWord][  64] : Creando palabra:  She caused my spirits to sink down so low,
23 Jul 2012 23:40:35    INFO [entQueue-0][            models.ElasticWord][       makeWord][  64] : Creando palabra:  From the dread I felt in seeing her there,
23 Jul 2012 23:40:35    INFO [entQueue-0][            models.ElasticWord][       makeWord][  64] : Creando palabra:  I lost all hope of climbing to the summit.
23 Jul 2012 23:40:35    INFO [entQueue-0][            models.ElasticWord][       makeWord][  64] : Creando palabra:  And just as a man, anxious for big winnings,
23 Jul 2012 23:40:35    INFO [entQueue-0][            models.ElasticWord][       makeWord][  64] : Creando palabra:  But the time comes instead for him to lose,
23 Jul 2012 23:40:35    INFO [entQueue-0][            models.ElasticWord][       makeWord][  64] : Creando palabra:  Cries and grieves the more he thinks about it,
23 Jul 2012 23:40:35    INFO [entQueue-0][            models.ElasticWord][       makeWord][  64] : Creando palabra:  So did the restless she-beast make me feel
23 Jul 2012 23:40:35    INFO [entQueue-0][            models.ElasticWord][       makeWord][  64] : Creando palabra:  When, edging closer toward me, step by step,
23 Jul 2012 23:40:35    INFO [entQueue-0][            models.ElasticWord][       makeWord][  64] : Creando palabra:  She drove me back to where the sun is silent.
23 Jul 2012 23:40:35    INFO [entQueue-0][            models.ElasticWord][       makeWord][  64] : Creando palabra:  While I was falling back to lower ground,
23 Jul 2012 23:40:35    INFO [entQueue-0][            models.ElasticWord][       makeWord][  64] : Creando palabra:  Before my eyes now came a figure forward
23 Jul 2012 23:40:35    INFO [entQueue-0][            models.ElasticWord][       makeWord][  64] : Creando palabra:  Of one grown feeble from long being mute.
23 Jul 2012 23:40:35    INFO [entQueue-0][            models.ElasticWord][       makeWord][  64] : Creando palabra:  When I saw him in that deserted spot,
23 Jul 2012 23:40:35    INFO [entQueue-0][            models.ElasticWord][       makeWord][  64] : Creando palabra:  "Pity me!" I shouted out to him,
23 Jul 2012 23:40:35    INFO [entQueue-0][            models.ElasticWord][       makeWord][  64] : Creando palabra:  "Whoever you are, a shade or living man."
23 Jul 2012 23:40:35    INFO [entQueue-0][            models.ElasticWord][       makeWord][  64] : Creando palabra:  "Not a man," he answered. "Once a man,
23 Jul 2012 23:40:35    INFO [entQueue-0][            models.ElasticWord][       makeWord][  64] : Creando palabra:  Of parents who had come from Lombardy;
23 Jul 2012 23:40:35    INFO [entQueue-0][            models.ElasticWord][       makeWord][  64] : Creando palabra:  Both of them were Mantuans by birth.
23 Jul 2012 23:40:35    INFO [entQueue-0][            models.ElasticWord][       makeWord][  64] : Creando palabra:  "I was born late in Julius's reign
23 Jul 2012 23:40:35    INFO [entQueue-0][            models.ElasticWord][       makeWord][  64] : Creando palabra:  And dwelt at Rome under the good Augustus
23 Jul 2012 23:40:35    INFO [entQueue-0][            models.ElasticWord][       makeWord][  64] : Creando palabra:  In the period of false and lying gods.
23 Jul 2012 23:40:35    INFO [entQueue-0][            models.ElasticWord][       makeWord][  64] : Creando palabra:  "A poet I was, and I sang of the just
23 Jul 2012 23:40:35    INFO [entQueue-0][            models.ElasticWord][       makeWord][  64] : Creando palabra:  Son of Anchises who embarked from Troy
23 Jul 2012 23:40:35    INFO [entQueue-0][            models.ElasticWord][       makeWord][  64] : Creando palabra:  After proud Ilium was burned to ashes.
23 Jul 2012 23:40:35    INFO [entQueue-0][            models.ElasticWord][       makeWord][  64] : Creando palabra:  "But why do you turn back to so much grief?
23 Jul 2012 23:40:35    INFO [entQueue-0][            models.ElasticWord][       makeWord][  64] : Creando palabra:  Why not bound up the delightful mountain
23 Jul 2012 23:40:35    INFO [entQueue-0][            models.ElasticWord][       makeWord][  64] : Creando palabra:  Which is the source and font of every joy?"
23 Jul 2012 23:40:35    INFO [entQueue-0][            models.ElasticWord][       makeWord][  64] : Creando palabra:  "Are you then Virgil and that wellspring
23 Jul 2012 23:40:35    INFO [entQueue-0][            models.ElasticWord][       makeWord][  64] : Creando palabra:  That pours forth so lush a stream of speech?"
23 Jul 2012 23:40:35    INFO [entQueue-0][            models.ElasticWord][       makeWord][  64] : Creando palabra:  Shamefacedly I responded to him.
23 Jul 2012 23:40:35    INFO [entQueue-0][            models.ElasticWord][       makeWord][  64] : Creando palabra:  "O glory and light of all other poets,
23 Jul 2012 23:40:35    INFO [entQueue-0][            models.ElasticWord][       makeWord][  64] : Creando palabra:  May the long study and the profound love
23 Jul 2012 23:40:35    INFO [entQueue-0][            models.ElasticWord][       makeWord][  64] : Creando palabra:  That made me search your work come to my aid!
23 Jul 2012 23:40:35    INFO [entQueue-0][            models.ElasticWord][       makeWord][  64] : Creando palabra:  "You are my mentor and my chosen author:
23 Jul 2012 23:40:35    INFO [entQueue-0][            models.ElasticWord][       makeWord][  64] : Creando palabra:  Alone you are the one from whom I have taken
23 Jul 2012 23:40:35    INFO [entQueue-0][            models.ElasticWord][       makeWord][  64] : Creando palabra:  The beautiful style that has brought me honor.
23 Jul 2012 23:40:35    INFO [entQueue-0][            models.ElasticWord][       makeWord][  64] : Creando palabra:  "Look at the beast that drove me to turn back!
23 Jul 2012 23:40:35    INFO [entQueue-0][            models.ElasticWord][       makeWord][  64] : Creando palabra:  Rescue me from her, celebrated sage,
23 Jul 2012 23:40:35    INFO [entQueue-0][            models.ElasticWord][       makeWord][  64] : Creando palabra:  For she causes my veins and pulse to tremble."
23 Jul 2012 23:40:35    INFO [entQueue-0][            models.ElasticWord][       makeWord][  64] : Creando palabra:  "You are destined to take another route,"
23 Jul 2012 23:40:35    INFO [entQueue-0][            models.ElasticWord][       makeWord][  64] : Creando palabra:  He answered, seeing me reduced to tears,
23 Jul 2012 23:40:35    INFO [entQueue-0][            models.ElasticWord][       makeWord][  64] : Creando palabra:  "If you want to be clear of this wilderness,
23 Jul 2012 23:40:35    INFO [entQueue-0][            models.ElasticWord][       makeWord][  64] : Creando palabra:  "Because this beast that forces you to cry out
23 Jul 2012 23:40:35    INFO [entQueue-0][            models.ElasticWord][       makeWord][  64] : Creando palabra:  Will not let anyone pass by her way
23 Jul 2012 23:40:35    INFO [entQueue-0][            models.ElasticWord][       makeWord][  64] : Creando palabra:  But harries him until she finally kills him.
23 Jul 2012 23:40:35    INFO [entQueue-0][            models.ElasticWord][       makeWord][  64] : Creando palabra:  "By nature she is so depraved and vicious
23 Jul 2012 23:40:35    INFO [entQueue-0][            models.ElasticWord][       makeWord][  64] : Creando palabra:  That her greedy appetite is never filled:
23 Jul 2012 23:40:35    INFO [entQueue-0][            models.ElasticWord][       makeWord][  64] : Creando palabra:  The more she feeds, the hungrier she grows.
23 Jul 2012 23:40:35    INFO [entQueue-0][            models.ElasticWord][       makeWord][  64] : Creando palabra:  "Many the animal she has mated with,
23 Jul 2012 23:40:35    INFO [entQueue-0][            models.ElasticWord][       makeWord][  64] : Creando palabra:  And will with more to come, until the Greyhound
23 Jul 2012 23:40:35    INFO [entQueue-0][            models.ElasticWord][       makeWord][  64] : Creando palabra:  That shall painfully slaughter her arrives.
23 Jul 2012 23:44:44   TRACE [ion Thread][               residua.Residua][          setup][  59] : inciando setup
23 Jul 2012 23:44:45   TRACE [entQueue-0][               residua.Residua][          setup][  59] : inciando setup
23 Jul 2012 23:44:45    INFO [entQueue-0][                 models.Sphere][lateCoordinates][ 117] : 
23 Jul 2012 23:44:45    INFO [entQueue-0][                 models.Sphere][lateCoordinates][ 117] : 
23 Jul 2012 23:44:45    INFO [entQueue-0][                 models.Sphere][lateCoordinates][ 117] : 
23 Jul 2012 23:44:45    INFO [entQueue-0][                 models.Sphere][lateCoordinates][ 117] : 
23 Jul 2012 23:44:45    INFO [entQueue-0][                 models.Sphere][lateCoordinates][ 117] : 
23 Jul 2012 23:44:45    INFO [entQueue-0][                 models.Sphere][lateCoordinates][ 117] : 
23 Jul 2012 23:44:45    INFO [entQueue-0][                 models.Sphere][lateCoordinates][ 117] : 
23 Jul 2012 23:44:45    INFO [entQueue-0][                 models.Sphere][lateCoordinates][ 117] : 
23 Jul 2012 23:44:45    INFO [entQueue-0][                 models.Sphere][lateCoordinates][ 117] : 
23 Jul 2012 23:44:45    INFO [entQueue-0][                 models.Sphere][lateCoordinates][ 117] : 
23 Jul 2012 23:44:45    INFO [entQueue-0][                 models.Sphere][lateCoordinates][ 117] : 
23 Jul 2012 23:44:45    INFO [entQueue-0][                 models.Sphere][lateCoordinates][ 117] : 
23 Jul 2012 23:44:45    INFO [entQueue-0][                 models.Sphere][lateCoordinates][ 117] : 
23 Jul 2012 23:44:45    INFO [entQueue-0][                 models.Sphere][lateCoordinates][ 117] : 
23 Jul 2012 23:44:45    INFO [entQueue-0][                 models.Sphere][lateCoordinates][ 117] : 
23 Jul 2012 23:44:45    INFO [entQueue-0][                 models.Sphere][lateCoordinates][ 117] : 
23 Jul 2012 23:44:45    INFO [entQueue-0][                 models.Sphere][lateCoordinates][ 117] : 
23 Jul 2012 23:44:45    INFO [entQueue-0][                 models.Sphere][lateCoordinates][ 117] : 
23 Jul 2012 23:44:45    INFO [entQueue-0][                 models.Sphere][lateCoordinates][ 117] : 
23 Jul 2012 23:44:45    INFO [entQueue-0][                 models.Sphere][lateCoordinates][ 117] : 
23 Jul 2012 23:44:45    INFO [entQueue-0][                 models.Sphere][lateCoordinates][ 117] : 
23 Jul 2012 23:44:45    INFO [entQueue-0][                 models.Sphere][lateCoordinates][ 117] : 
23 Jul 2012 23:44:46    INFO [entQueue-0][                 models.Sphere][lateCoordinates][ 117] : 
23 Jul 2012 23:44:46    INFO [entQueue-0][                 models.Sphere][lateCoordinates][ 117] : 
23 Jul 2012 23:44:46    INFO [entQueue-0][            models.ElasticWord][       makeWord][  64] : Creando palabra:  Halfway through the journey we are living
23 Jul 2012 23:44:46    INFO [entQueue-0][            models.ElasticWord][       makeWord][  64] : Creando palabra:  I found myself deep in a darkened forest,
23 Jul 2012 23:44:46    INFO [entQueue-0][            models.ElasticWord][       makeWord][  64] : Creando palabra:  For I had lost all trace of the straight path.
23 Jul 2012 23:44:46    INFO [entQueue-0][            models.ElasticWord][       makeWord][  64] : Creando palabra:  Ah how hard it is to tell what it was like,
23 Jul 2012 23:44:46    INFO [entQueue-0][            models.ElasticWord][       makeWord][  64] : Creando palabra:  How wild the forest was, how dense and rugged!
23 Jul 2012 23:44:46    INFO [entQueue-0][            models.ElasticWord][       makeWord][  64] : Creando palabra:  To think of it still fills my mind with panic.
23 Jul 2012 23:44:46    INFO [entQueue-0][            models.ElasticWord][       makeWord][  64] : Creando palabra:  So bitter it is that death is hardly worse!
23 Jul 2012 23:44:46    INFO [entQueue-0][            models.ElasticWord][       makeWord][  64] : Creando palabra:  But to describe the good discovered there
23 Jul 2012 23:44:46    INFO [entQueue-0][            models.ElasticWord][       makeWord][  64] : Creando palabra:  I here will tell the other things I saw.
23 Jul 2012 23:44:46    INFO [entQueue-0][            models.ElasticWord][       makeWord][  64] : Creando palabra:  I cannot say clearly how I entered there,
23 Jul 2012 23:44:46    INFO [entQueue-0][            models.ElasticWord][       makeWord][  64] : Creando palabra:  So drowsy with sleep had I grown at that hour
23 Jul 2012 23:44:46    INFO [entQueue-0][            models.ElasticWord][       makeWord][  64] : Creando palabra:  When first I wandered off from the true way.
23 Jul 2012 23:44:46    INFO [entQueue-0][            models.ElasticWord][       makeWord][  64] : Creando palabra:  But when I had reached the base of a hill,
23 Jul 2012 23:44:46    INFO [entQueue-0][            models.ElasticWord][       makeWord][  64] : Creando palabra:  There at the border where the valley ended
23 Jul 2012 23:44:46    INFO [entQueue-0][            models.ElasticWord][       makeWord][  64] : Creando palabra:  That had cut my heart to the quick with panic,
23 Jul 2012 23:44:46    INFO [entQueue-0][            models.ElasticWord][       makeWord][  64] : Creando palabra:  I looked up at the hill and saw its shoulder
23 Jul 2012 23:44:46    INFO [entQueue-0][            models.ElasticWord][       makeWord][  64] : Creando palabra:  Mantled already with the planet's light
23 Jul 2012 23:44:46    INFO [entQueue-0][            models.ElasticWord][       makeWord][  64] : Creando palabra:  That leads all people straight by every road.
23 Jul 2012 23:44:46    INFO [entQueue-0][            models.ElasticWord][       makeWord][  64] : Creando palabra:  With that my panic quieted a little
23 Jul 2012 23:44:46    INFO [entQueue-0][            models.ElasticWord][       makeWord][  64] : Creando palabra:  After lingering on in the lake of my heart
23 Jul 2012 23:44:46    INFO [entQueue-0][            models.ElasticWord][       makeWord][  64] : Creando palabra:  Through the night I had so grievously passed.
23 Jul 2012 23:44:46    INFO [entQueue-0][            models.ElasticWord][       makeWord][  64] : Creando palabra:  And like a person who with panting breath
23 Jul 2012 23:44:46    INFO [entQueue-0][            models.ElasticWord][       makeWord][  64] : Creando palabra:  Struggles ashore out of the wide ocean
23 Jul 2012 23:44:46    INFO [entQueue-0][            models.ElasticWord][       makeWord][  64] : Creando palabra:  Only to glance back at the treacherous surf,
23 Jul 2012 23:44:46    INFO [entQueue-0][            models.ElasticWord][       makeWord][  64] : Creando palabra:  Just so my mind, racing on ahead,
23 Jul 2012 23:44:46    INFO [entQueue-0][            models.ElasticWord][       makeWord][  64] : Creando palabra:  Turned back to marvel at the pass no one
23 Jul 2012 23:44:46    INFO [entQueue-0][            models.ElasticWord][       makeWord][  64] : Creando palabra:  Ever before had issued from alive.
23 Jul 2012 23:44:46    INFO [entQueue-0][            models.ElasticWord][       makeWord][  64] : Creando palabra:  After resting awhile my worn-out body,
23 Jul 2012 23:44:46    INFO [entQueue-0][            models.ElasticWord][       makeWord][  64] : Creando palabra:  I pressed on up the wasted slope so that
23 Jul 2012 23:44:46    INFO [entQueue-0][            models.ElasticWord][       makeWord][  64] : Creando palabra:  I always had one firm foot on the ground.
23 Jul 2012 23:44:46    INFO [entQueue-0][            models.ElasticWord][       makeWord][  64] : Creando palabra:  But look! right near the upgrade of the climb
23 Jul 2012 23:44:46    INFO [entQueue-0][            models.ElasticWord][       makeWord][  64] : Creando palabra:  Loomed a fleet and nimble-footed leopard
23 Jul 2012 23:44:46    INFO [entQueue-0][            models.ElasticWord][       makeWord][  64] : Creando palabra:  With coat completely covered by dark spots!
23 Jul 2012 23:44:46    INFO [entQueue-0][            models.ElasticWord][       makeWord][  64] : Creando palabra:  He did not flinch or back off from my gaze,
23 Jul 2012 23:44:46    INFO [entQueue-0][            models.ElasticWord][       makeWord][  64] : Creando palabra:  But blocking the path that lay before me,
23 Jul 2012 23:44:46    INFO [entQueue-0][            models.ElasticWord][       makeWord][  64] : Creando palabra:  Time and again he forced me to turn around.
23 Jul 2012 23:44:46    INFO [entQueue-0][            models.ElasticWord][       makeWord][  64] : Creando palabra:  The hour was the beginning of the morning,
23 Jul 2012 23:44:46    INFO [entQueue-0][            models.ElasticWord][       makeWord][  64] : Creando palabra:  And the sun was rising with those stars
23 Jul 2012 23:44:46    INFO [entQueue-0][            models.ElasticWord][       makeWord][  64] : Creando palabra:  That first attended it when divine Love
23 Jul 2012 23:44:46    INFO [entQueue-0][            models.ElasticWord][       makeWord][  64] : Creando palabra:  Set these lovely creations round in motion,
23 Jul 2012 23:44:46    INFO [entQueue-0][            models.ElasticWord][       makeWord][  64] : Creando palabra:  So that the early hour and the pleasant season
23 Jul 2012 23:44:46    INFO [entQueue-0][            models.ElasticWord][       makeWord][  64] : Creando palabra:  Gave me good reason to keep up my hopes
23 Jul 2012 23:44:46    INFO [entQueue-0][            models.ElasticWord][       makeWord][  64] : Creando palabra:  Of that fierce beast there with his gaudy pelt.
23 Jul 2012 23:44:46    INFO [entQueue-0][            models.ElasticWord][       makeWord][  64] : Creando palabra:  But not so when — to add now to my fears —
23 Jul 2012 23:44:46    INFO [entQueue-0][            models.ElasticWord][       makeWord][  64] : Creando palabra:  In front of me I caught sight of a lion!
23 Jul 2012 23:44:46    INFO [entQueue-0][            models.ElasticWord][       makeWord][  64] : Creando palabra:  He appeared to be coming straight at me
23 Jul 2012 23:44:46    INFO [entQueue-0][            models.ElasticWord][       makeWord][  64] : Creando palabra:  With head held high and furious for hunger,
23 Jul 2012 23:44:46    INFO [entQueue-0][            models.ElasticWord][       makeWord][  64] : Creando palabra:  So that the air itself seemed to be shaking.
23 Jul 2012 23:44:46    INFO [entQueue-0][            models.ElasticWord][       makeWord][  64] : Creando palabra:  And then a wolf stalked, ravenously lean,
23 Jul 2012 23:44:46    INFO [entQueue-0][            models.ElasticWord][       makeWord][  64] : Creando palabra:  Seemingly laden with such endless cravings
23 Jul 2012 23:44:46    INFO [entQueue-0][            models.ElasticWord][       makeWord][  64] : Creando palabra:  That she had made many live in misery!
23 Jul 2012 23:44:46    INFO [entQueue-0][            models.ElasticWord][       makeWord][  64] : Creando palabra:  She caused my spirits to sink down so low,
23 Jul 2012 23:44:46    INFO [entQueue-0][            models.ElasticWord][       makeWord][  64] : Creando palabra:  From the dread I felt in seeing her there,
23 Jul 2012 23:44:46    INFO [entQueue-0][            models.ElasticWord][       makeWord][  64] : Creando palabra:  I lost all hope of climbing to the summit.
23 Jul 2012 23:44:46    INFO [entQueue-0][            models.ElasticWord][       makeWord][  64] : Creando palabra:  And just as a man, anxious for big winnings,
23 Jul 2012 23:44:46    INFO [entQueue-0][            models.ElasticWord][       makeWord][  64] : Creando palabra:  But the time comes instead for him to lose,
23 Jul 2012 23:44:46    INFO [entQueue-0][            models.ElasticWord][       makeWord][  64] : Creando palabra:  Cries and grieves the more he thinks about it,
23 Jul 2012 23:44:46    INFO [entQueue-0][            models.ElasticWord][       makeWord][  64] : Creando palabra:  So did the restless she-beast make me feel
23 Jul 2012 23:44:46    INFO [entQueue-0][            models.ElasticWord][       makeWord][  64] : Creando palabra:  When, edging closer toward me, step by step,
23 Jul 2012 23:44:46    INFO [entQueue-0][            models.ElasticWord][       makeWord][  64] : Creando palabra:  She drove me back to where the sun is silent.
23 Jul 2012 23:44:46    INFO [entQueue-0][            models.ElasticWord][       makeWord][  64] : Creando palabra:  While I was falling back to lower ground,
23 Jul 2012 23:44:46    INFO [entQueue-0][            models.ElasticWord][       makeWord][  64] : Creando palabra:  Before my eyes now came a figure forward
23 Jul 2012 23:44:46    INFO [entQueue-0][            models.ElasticWord][       makeWord][  64] : Creando palabra:  Of one grown feeble from long being mute.
23 Jul 2012 23:44:46    INFO [entQueue-0][            models.ElasticWord][       makeWord][  64] : Creando palabra:  When I saw him in that deserted spot,
23 Jul 2012 23:44:46    INFO [entQueue-0][            models.ElasticWord][       makeWord][  64] : Creando palabra:  "Pity me!" I shouted out to him,
23 Jul 2012 23:44:46    INFO [entQueue-0][            models.ElasticWord][       makeWord][  64] : Creando palabra:  "Whoever you are, a shade or living man."
23 Jul 2012 23:44:46    INFO [entQueue-0][            models.ElasticWord][       makeWord][  64] : Creando palabra:  "Not a man," he answered. "Once a man,
23 Jul 2012 23:44:46    INFO [entQueue-0][            models.ElasticWord][       makeWord][  64] : Creando palabra:  Of parents who had come from Lombardy;
23 Jul 2012 23:44:46    INFO [entQueue-0][            models.ElasticWord][       makeWord][  64] : Creando palabra:  Both of them were Mantuans by birth.
23 Jul 2012 23:44:46    INFO [entQueue-0][            models.ElasticWord][       makeWord][  64] : Creando palabra:  "I was born late in Julius's reign
23 Jul 2012 23:44:46    INFO [entQueue-0][            models.ElasticWord][       makeWord][  64] : Creando palabra:  And dwelt at Rome under the good Augustus
23 Jul 2012 23:44:46    INFO [entQueue-0][            models.ElasticWord][       makeWord][  64] : Creando palabra:  In the period of false and lying gods.
23 Jul 2012 23:44:46    INFO [entQueue-0][            models.ElasticWord][       makeWord][  64] : Creando palabra:  "A poet I was, and I sang of the just
23 Jul 2012 23:44:46    INFO [entQueue-0][            models.ElasticWord][       makeWord][  64] : Creando palabra:  Son of Anchises who embarked from Troy
23 Jul 2012 23:44:46    INFO [entQueue-0][            models.ElasticWord][       makeWord][  64] : Creando palabra:  After proud Ilium was burned to ashes.
23 Jul 2012 23:44:46    INFO [entQueue-0][            models.ElasticWord][       makeWord][  64] : Creando palabra:  "But why do you turn back to so much grief?
23 Jul 2012 23:44:46    INFO [entQueue-0][            models.ElasticWord][       makeWord][  64] : Creando palabra:  Why not bound up the delightful mountain
23 Jul 2012 23:44:46    INFO [entQueue-0][            models.ElasticWord][       makeWord][  64] : Creando palabra:  Which is the source and font of every joy?"
23 Jul 2012 23:44:46    INFO [entQueue-0][            models.ElasticWord][       makeWord][  64] : Creando palabra:  "Are you then Virgil and that wellspring
23 Jul 2012 23:44:46    INFO [entQueue-0][            models.ElasticWord][       makeWord][  64] : Creando palabra:  That pours forth so lush a stream of speech?"
23 Jul 2012 23:44:46    INFO [entQueue-0][            models.ElasticWord][       makeWord][  64] : Creando palabra:  Shamefacedly I responded to him.
23 Jul 2012 23:44:46    INFO [entQueue-0][            models.ElasticWord][       makeWord][  64] : Creando palabra:  "O glory and light of all other poets,
23 Jul 2012 23:44:46    INFO [entQueue-0][            models.ElasticWord][       makeWord][  64] : Creando palabra:  May the long study and the profound love
23 Jul 2012 23:44:46    INFO [entQueue-0][            models.ElasticWord][       makeWord][  64] : Creando palabra:  That made me search your work come to my aid!
23 Jul 2012 23:44:46    INFO [entQueue-0][            models.ElasticWord][       makeWord][  64] : Creando palabra:  "You are my mentor and my chosen author:
23 Jul 2012 23:44:46    INFO [entQueue-0][            models.ElasticWord][       makeWord][  64] : Creando palabra:  Alone you are the one from whom I have taken
23 Jul 2012 23:44:46    INFO [entQueue-0][            models.ElasticWord][       makeWord][  64] : Creando palabra:  The beautiful style that has brought me honor.
23 Jul 2012 23:44:46    INFO [entQueue-0][            models.ElasticWord][       makeWord][  64] : Creando palabra:  "Look at the beast that drove me to turn back!
23 Jul 2012 23:44:46    INFO [entQueue-0][            models.ElasticWord][       makeWord][  64] : Creando palabra:  Rescue me from her, celebrated sage,
23 Jul 2012 23:44:46    INFO [entQueue-0][            models.ElasticWord][       makeWord][  64] : Creando palabra:  For she causes my veins and pulse to tremble."
23 Jul 2012 23:44:46    INFO [entQueue-0][            models.ElasticWord][       makeWord][  64] : Creando palabra:  "You are destined to take another route,"
23 Jul 2012 23:44:46    INFO [entQueue-0][            models.ElasticWord][       makeWord][  64] : Creando palabra:  He answered, seeing me reduced to tears,
23 Jul 2012 23:44:46    INFO [entQueue-0][            models.ElasticWord][       makeWord][  64] : Creando palabra:  "If you want to be clear of this wilderness,
23 Jul 2012 23:44:46    INFO [entQueue-0][            models.ElasticWord][       makeWord][  64] : Creando palabra:  "Because this beast that forces you to cry out
23 Jul 2012 23:44:46    INFO [entQueue-0][            models.ElasticWord][       makeWord][  64] : Creando palabra:  Will not let anyone pass by her way
23 Jul 2012 23:44:46    INFO [entQueue-0][            models.ElasticWord][       makeWord][  64] : Creando palabra:  But harries him until she finally kills him.
23 Jul 2012 23:44:46    INFO [entQueue-0][            models.ElasticWord][       makeWord][  64] : Creando palabra:  "By nature she is so depraved and vicious
23 Jul 2012 23:44:46    INFO [entQueue-0][            models.ElasticWord][       makeWord][  64] : Creando palabra:  That her greedy appetite is never filled:
23 Jul 2012 23:44:46    INFO [entQueue-0][            models.ElasticWord][       makeWord][  64] : Creando palabra:  The more she feeds, the hungrier she grows.
23 Jul 2012 23:44:46    INFO [entQueue-0][            models.ElasticWord][       makeWord][  64] : Creando palabra:  "Many the animal she has mated with,
23 Jul 2012 23:44:46    INFO [entQueue-0][            models.ElasticWord][       makeWord][  64] : Creando palabra:  And will with more to come, until the Greyhound
23 Jul 2012 23:44:46    INFO [entQueue-0][            models.ElasticWord][       makeWord][  64] : Creando palabra:  That shall painfully slaughter her arrives.
23 Jul 2012 23:46:48   TRACE [ion Thread][               residua.Residua][          setup][  59] : inciando setup
23 Jul 2012 23:46:50   TRACE [entQueue-0][               residua.Residua][          setup][  59] : inciando setup
23 Jul 2012 23:46:50    INFO [entQueue-0][                 models.Sphere][lateCoordinates][ 117] : 
23 Jul 2012 23:46:50    INFO [entQueue-0][                 models.Sphere][lateCoordinates][ 117] : 
23 Jul 2012 23:46:50    INFO [entQueue-0][                 models.Sphere][lateCoordinates][ 117] : 
23 Jul 2012 23:46:50    INFO [entQueue-0][                 models.Sphere][lateCoordinates][ 117] : 
23 Jul 2012 23:46:50    INFO [entQueue-0][                 models.Sphere][lateCoordinates][ 117] : 
23 Jul 2012 23:46:50    INFO [entQueue-0][                 models.Sphere][lateCoordinates][ 117] : 
23 Jul 2012 23:46:50    INFO [entQueue-0][                 models.Sphere][lateCoordinates][ 117] : 
23 Jul 2012 23:46:50    INFO [entQueue-0][                 models.Sphere][lateCoordinates][ 117] : 
23 Jul 2012 23:46:50    INFO [entQueue-0][                 models.Sphere][lateCoordinates][ 117] : 
23 Jul 2012 23:46:50    INFO [entQueue-0][                 models.Sphere][lateCoordinates][ 117] : 
23 Jul 2012 23:46:50    INFO [entQueue-0][                 models.Sphere][lateCoordinates][ 117] : 
23 Jul 2012 23:46:50    INFO [entQueue-0][                 models.Sphere][lateCoordinates][ 117] : 
23 Jul 2012 23:46:50    INFO [entQueue-0][                 models.Sphere][lateCoordinates][ 117] : 
23 Jul 2012 23:46:50    INFO [entQueue-0][                 models.Sphere][lateCoordinates][ 117] : 
23 Jul 2012 23:46:50    INFO [entQueue-0][                 models.Sphere][lateCoordinates][ 117] : 
23 Jul 2012 23:46:50    INFO [entQueue-0][                 models.Sphere][lateCoordinates][ 117] : 
23 Jul 2012 23:46:50    INFO [entQueue-0][                 models.Sphere][lateCoordinates][ 117] : 
23 Jul 2012 23:46:50    INFO [entQueue-0][                 models.Sphere][lateCoordinates][ 117] : 
23 Jul 2012 23:46:50    INFO [entQueue-0][                 models.Sphere][lateCoordinates][ 117] : 
23 Jul 2012 23:46:50    INFO [entQueue-0][                 models.Sphere][lateCoordinates][ 117] : 
23 Jul 2012 23:46:50    INFO [entQueue-0][                 models.Sphere][lateCoordinates][ 117] : 
23 Jul 2012 23:46:50    INFO [entQueue-0][                 models.Sphere][lateCoordinates][ 117] : 
23 Jul 2012 23:46:50    INFO [entQueue-0][                 models.Sphere][lateCoordinates][ 117] : 
23 Jul 2012 23:46:50    INFO [entQueue-0][                 models.Sphere][lateCoordinates][ 117] : 
23 Jul 2012 23:46:50    INFO [entQueue-0][            models.ElasticWord][       makeWord][  64] : Creando palabra:  Halfway through the journey we are living
23 Jul 2012 23:46:50    INFO [entQueue-0][            models.ElasticWord][       makeWord][  64] : Creando palabra:  I found myself deep in a darkened forest,
23 Jul 2012 23:46:50    INFO [entQueue-0][            models.ElasticWord][       makeWord][  64] : Creando palabra:  For I had lost all trace of the straight path.
23 Jul 2012 23:46:50    INFO [entQueue-0][            models.ElasticWord][       makeWord][  64] : Creando palabra:  Ah how hard it is to tell what it was like,
23 Jul 2012 23:46:50    INFO [entQueue-0][            models.ElasticWord][       makeWord][  64] : Creando palabra:  How wild the forest was, how dense and rugged!
23 Jul 2012 23:46:50    INFO [entQueue-0][            models.ElasticWord][       makeWord][  64] : Creando palabra:  To think of it still fills my mind with panic.
23 Jul 2012 23:46:50    INFO [entQueue-0][            models.ElasticWord][       makeWord][  64] : Creando palabra:  So bitter it is that death is hardly worse!
23 Jul 2012 23:46:50    INFO [entQueue-0][            models.ElasticWord][       makeWord][  64] : Creando palabra:  But to describe the good discovered there
23 Jul 2012 23:46:50    INFO [entQueue-0][            models.ElasticWord][       makeWord][  64] : Creando palabra:  I here will tell the other things I saw.
23 Jul 2012 23:46:50    INFO [entQueue-0][            models.ElasticWord][       makeWord][  64] : Creando palabra:  I cannot say clearly how I entered there,
23 Jul 2012 23:46:50    INFO [entQueue-0][            models.ElasticWord][       makeWord][  64] : Creando palabra:  So drowsy with sleep had I grown at that hour
23 Jul 2012 23:46:50    INFO [entQueue-0][            models.ElasticWord][       makeWord][  64] : Creando palabra:  When first I wandered off from the true way.
23 Jul 2012 23:46:50    INFO [entQueue-0][            models.ElasticWord][       makeWord][  64] : Creando palabra:  But when I had reached the base of a hill,
23 Jul 2012 23:46:50    INFO [entQueue-0][            models.ElasticWord][       makeWord][  64] : Creando palabra:  There at the border where the valley ended
23 Jul 2012 23:46:50    INFO [entQueue-0][            models.ElasticWord][       makeWord][  64] : Creando palabra:  That had cut my heart to the quick with panic,
23 Jul 2012 23:46:50    INFO [entQueue-0][            models.ElasticWord][       makeWord][  64] : Creando palabra:  I looked up at the hill and saw its shoulder
23 Jul 2012 23:46:50    INFO [entQueue-0][            models.ElasticWord][       makeWord][  64] : Creando palabra:  Mantled already with the planet's light
23 Jul 2012 23:46:50    INFO [entQueue-0][            models.ElasticWord][       makeWord][  64] : Creando palabra:  That leads all people straight by every road.
23 Jul 2012 23:46:50    INFO [entQueue-0][            models.ElasticWord][       makeWord][  64] : Creando palabra:  With that my panic quieted a little
23 Jul 2012 23:46:50    INFO [entQueue-0][            models.ElasticWord][       makeWord][  64] : Creando palabra:  After lingering on in the lake of my heart
23 Jul 2012 23:46:50    INFO [entQueue-0][            models.ElasticWord][       makeWord][  64] : Creando palabra:  Through the night I had so grievously passed.
23 Jul 2012 23:46:50    INFO [entQueue-0][            models.ElasticWord][       makeWord][  64] : Creando palabra:  And like a person who with panting breath
23 Jul 2012 23:46:50    INFO [entQueue-0][            models.ElasticWord][       makeWord][  64] : Creando palabra:  Struggles ashore out of the wide ocean
23 Jul 2012 23:46:50    INFO [entQueue-0][            models.ElasticWord][       makeWord][  64] : Creando palabra:  Only to glance back at the treacherous surf,
23 Jul 2012 23:46:50    INFO [entQueue-0][            models.ElasticWord][       makeWord][  64] : Creando palabra:  Just so my mind, racing on ahead,
23 Jul 2012 23:46:50    INFO [entQueue-0][            models.ElasticWord][       makeWord][  64] : Creando palabra:  Turned back to marvel at the pass no one
23 Jul 2012 23:46:50    INFO [entQueue-0][            models.ElasticWord][       makeWord][  64] : Creando palabra:  Ever before had issued from alive.
23 Jul 2012 23:46:50    INFO [entQueue-0][            models.ElasticWord][       makeWord][  64] : Creando palabra:  After resting awhile my worn-out body,
23 Jul 2012 23:46:50    INFO [entQueue-0][            models.ElasticWord][       makeWord][  64] : Creando palabra:  I pressed on up the wasted slope so that
23 Jul 2012 23:46:50    INFO [entQueue-0][            models.ElasticWord][       makeWord][  64] : Creando palabra:  I always had one firm foot on the ground.
23 Jul 2012 23:46:50    INFO [entQueue-0][            models.ElasticWord][       makeWord][  64] : Creando palabra:  But look! right near the upgrade of the climb
23 Jul 2012 23:46:50    INFO [entQueue-0][            models.ElasticWord][       makeWord][  64] : Creando palabra:  Loomed a fleet and nimble-footed leopard
23 Jul 2012 23:46:50    INFO [entQueue-0][            models.ElasticWord][       makeWord][  64] : Creando palabra:  With coat completely covered by dark spots!
23 Jul 2012 23:46:50    INFO [entQueue-0][            models.ElasticWord][       makeWord][  64] : Creando palabra:  He did not flinch or back off from my gaze,
23 Jul 2012 23:46:50    INFO [entQueue-0][            models.ElasticWord][       makeWord][  64] : Creando palabra:  But blocking the path that lay before me,
23 Jul 2012 23:46:50    INFO [entQueue-0][            models.ElasticWord][       makeWord][  64] : Creando palabra:  Time and again he forced me to turn around.
23 Jul 2012 23:46:50    INFO [entQueue-0][            models.ElasticWord][       makeWord][  64] : Creando palabra:  The hour was the beginning of the morning,
23 Jul 2012 23:46:50    INFO [entQueue-0][            models.ElasticWord][       makeWord][  64] : Creando palabra:  And the sun was rising with those stars
23 Jul 2012 23:46:50    INFO [entQueue-0][            models.ElasticWord][       makeWord][  64] : Creando palabra:  That first attended it when divine Love
23 Jul 2012 23:46:50    INFO [entQueue-0][            models.ElasticWord][       makeWord][  64] : Creando palabra:  Set these lovely creations round in motion,
23 Jul 2012 23:46:50    INFO [entQueue-0][            models.ElasticWord][       makeWord][  64] : Creando palabra:  So that the early hour and the pleasant season
23 Jul 2012 23:46:50    INFO [entQueue-0][            models.ElasticWord][       makeWord][  64] : Creando palabra:  Gave me good reason to keep up my hopes
23 Jul 2012 23:46:50    INFO [entQueue-0][            models.ElasticWord][       makeWord][  64] : Creando palabra:  Of that fierce beast there with his gaudy pelt.
23 Jul 2012 23:46:50    INFO [entQueue-0][            models.ElasticWord][       makeWord][  64] : Creando palabra:  But not so when — to add now to my fears —
23 Jul 2012 23:46:50    INFO [entQueue-0][            models.ElasticWord][       makeWord][  64] : Creando palabra:  In front of me I caught sight of a lion!
23 Jul 2012 23:46:50    INFO [entQueue-0][            models.ElasticWord][       makeWord][  64] : Creando palabra:  He appeared to be coming straight at me
23 Jul 2012 23:46:50    INFO [entQueue-0][            models.ElasticWord][       makeWord][  64] : Creando palabra:  With head held high and furious for hunger,
23 Jul 2012 23:46:50    INFO [entQueue-0][            models.ElasticWord][       makeWord][  64] : Creando palabra:  So that the air itself seemed to be shaking.
23 Jul 2012 23:46:50    INFO [entQueue-0][            models.ElasticWord][       makeWord][  64] : Creando palabra:  And then a wolf stalked, ravenously lean,
23 Jul 2012 23:46:50    INFO [entQueue-0][            models.ElasticWord][       makeWord][  64] : Creando palabra:  Seemingly laden with such endless cravings
23 Jul 2012 23:46:50    INFO [entQueue-0][            models.ElasticWord][       makeWord][  64] : Creando palabra:  That she had made many live in misery!
23 Jul 2012 23:46:50    INFO [entQueue-0][            models.ElasticWord][       makeWord][  64] : Creando palabra:  She caused my spirits to sink down so low,
23 Jul 2012 23:46:50    INFO [entQueue-0][            models.ElasticWord][       makeWord][  64] : Creando palabra:  From the dread I felt in seeing her there,
23 Jul 2012 23:46:50    INFO [entQueue-0][            models.ElasticWord][       makeWord][  64] : Creando palabra:  I lost all hope of climbing to the summit.
23 Jul 2012 23:46:50    INFO [entQueue-0][            models.ElasticWord][       makeWord][  64] : Creando palabra:  And just as a man, anxious for big winnings,
23 Jul 2012 23:46:50    INFO [entQueue-0][            models.ElasticWord][       makeWord][  64] : Creando palabra:  But the time comes instead for him to lose,
23 Jul 2012 23:46:50    INFO [entQueue-0][            models.ElasticWord][       makeWord][  64] : Creando palabra:  Cries and grieves the more he thinks about it,
23 Jul 2012 23:46:50    INFO [entQueue-0][            models.ElasticWord][       makeWord][  64] : Creando palabra:  So did the restless she-beast make me feel
23 Jul 2012 23:46:50    INFO [entQueue-0][            models.ElasticWord][       makeWord][  64] : Creando palabra:  When, edging closer toward me, step by step,
23 Jul 2012 23:46:50    INFO [entQueue-0][            models.ElasticWord][       makeWord][  64] : Creando palabra:  She drove me back to where the sun is silent.
23 Jul 2012 23:46:50    INFO [entQueue-0][            models.ElasticWord][       makeWord][  64] : Creando palabra:  While I was falling back to lower ground,
23 Jul 2012 23:46:50    INFO [entQueue-0][            models.ElasticWord][       makeWord][  64] : Creando palabra:  Before my eyes now came a figure forward
23 Jul 2012 23:46:50    INFO [entQueue-0][            models.ElasticWord][       makeWord][  64] : Creando palabra:  Of one grown feeble from long being mute.
23 Jul 2012 23:46:50    INFO [entQueue-0][            models.ElasticWord][       makeWord][  64] : Creando palabra:  When I saw him in that deserted spot,
23 Jul 2012 23:46:50    INFO [entQueue-0][            models.ElasticWord][       makeWord][  64] : Creando palabra:  "Pity me!" I shouted out to him,
23 Jul 2012 23:46:50    INFO [entQueue-0][            models.ElasticWord][       makeWord][  64] : Creando palabra:  "Whoever you are, a shade or living man."
23 Jul 2012 23:46:50    INFO [entQueue-0][            models.ElasticWord][       makeWord][  64] : Creando palabra:  "Not a man," he answered. "Once a man,
23 Jul 2012 23:46:50    INFO [entQueue-0][            models.ElasticWord][       makeWord][  64] : Creando palabra:  Of parents who had come from Lombardy;
23 Jul 2012 23:46:50    INFO [entQueue-0][            models.ElasticWord][       makeWord][  64] : Creando palabra:  Both of them were Mantuans by birth.
23 Jul 2012 23:46:50    INFO [entQueue-0][            models.ElasticWord][       makeWord][  64] : Creando palabra:  "I was born late in Julius's reign
23 Jul 2012 23:46:50    INFO [entQueue-0][            models.ElasticWord][       makeWord][  64] : Creando palabra:  And dwelt at Rome under the good Augustus
23 Jul 2012 23:46:50    INFO [entQueue-0][            models.ElasticWord][       makeWord][  64] : Creando palabra:  In the period of false and lying gods.
23 Jul 2012 23:46:50    INFO [entQueue-0][            models.ElasticWord][       makeWord][  64] : Creando palabra:  "A poet I was, and I sang of the just
23 Jul 2012 23:46:50    INFO [entQueue-0][            models.ElasticWord][       makeWord][  64] : Creando palabra:  Son of Anchises who embarked from Troy
23 Jul 2012 23:46:50    INFO [entQueue-0][            models.ElasticWord][       makeWord][  64] : Creando palabra:  After proud Ilium was burned to ashes.
23 Jul 2012 23:46:50    INFO [entQueue-0][            models.ElasticWord][       makeWord][  64] : Creando palabra:  "But why do you turn back to so much grief?
23 Jul 2012 23:46:50    INFO [entQueue-0][            models.ElasticWord][       makeWord][  64] : Creando palabra:  Why not bound up the delightful mountain
23 Jul 2012 23:46:50    INFO [entQueue-0][            models.ElasticWord][       makeWord][  64] : Creando palabra:  Which is the source and font of every joy?"
23 Jul 2012 23:46:50    INFO [entQueue-0][            models.ElasticWord][       makeWord][  64] : Creando palabra:  "Are you then Virgil and that wellspring
23 Jul 2012 23:46:50    INFO [entQueue-0][            models.ElasticWord][       makeWord][  64] : Creando palabra:  That pours forth so lush a stream of speech?"
23 Jul 2012 23:46:50    INFO [entQueue-0][            models.ElasticWord][       makeWord][  64] : Creando palabra:  Shamefacedly I responded to him.
23 Jul 2012 23:46:50    INFO [entQueue-0][            models.ElasticWord][       makeWord][  64] : Creando palabra:  "O glory and light of all other poets,
23 Jul 2012 23:46:50    INFO [entQueue-0][            models.ElasticWord][       makeWord][  64] : Creando palabra:  May the long study and the profound love
23 Jul 2012 23:46:50    INFO [entQueue-0][            models.ElasticWord][       makeWord][  64] : Creando palabra:  That made me search your work come to my aid!
23 Jul 2012 23:46:50    INFO [entQueue-0][            models.ElasticWord][       makeWord][  64] : Creando palabra:  "You are my mentor and my chosen author:
23 Jul 2012 23:46:50    INFO [entQueue-0][            models.ElasticWord][       makeWord][  64] : Creando palabra:  Alone you are the one from whom I have taken
23 Jul 2012 23:46:50    INFO [entQueue-0][            models.ElasticWord][       makeWord][  64] : Creando palabra:  The beautiful style that has brought me honor.
23 Jul 2012 23:46:50    INFO [entQueue-0][            models.ElasticWord][       makeWord][  64] : Creando palabra:  "Look at the beast that drove me to turn back!
23 Jul 2012 23:46:50    INFO [entQueue-0][            models.ElasticWord][       makeWord][  64] : Creando palabra:  Rescue me from her, celebrated sage,
23 Jul 2012 23:46:50    INFO [entQueue-0][            models.ElasticWord][       makeWord][  64] : Creando palabra:  For she causes my veins and pulse to tremble."
23 Jul 2012 23:46:50    INFO [entQueue-0][            models.ElasticWord][       makeWord][  64] : Creando palabra:  "You are destined to take another route,"
23 Jul 2012 23:46:50    INFO [entQueue-0][            models.ElasticWord][       makeWord][  64] : Creando palabra:  He answered, seeing me reduced to tears,
23 Jul 2012 23:46:50    INFO [entQueue-0][            models.ElasticWord][       makeWord][  64] : Creando palabra:  "If you want to be clear of this wilderness,
23 Jul 2012 23:46:50    INFO [entQueue-0][            models.ElasticWord][       makeWord][  64] : Creando palabra:  "Because this beast that forces you to cry out
23 Jul 2012 23:46:50    INFO [entQueue-0][            models.ElasticWord][       makeWord][  64] : Creando palabra:  Will not let anyone pass by her way
23 Jul 2012 23:46:50    INFO [entQueue-0][            models.ElasticWord][       makeWord][  64] : Creando palabra:  But harries him until she finally kills him.
23 Jul 2012 23:46:50    INFO [entQueue-0][            models.ElasticWord][       makeWord][  64] : Creando palabra:  "By nature she is so depraved and vicious
23 Jul 2012 23:46:50    INFO [entQueue-0][            models.ElasticWord][       makeWord][  64] : Creando palabra:  That her greedy appetite is never filled:
23 Jul 2012 23:46:50    INFO [entQueue-0][            models.ElasticWord][       makeWord][  64] : Creando palabra:  The more she feeds, the hungrier she grows.
23 Jul 2012 23:46:50    INFO [entQueue-0][            models.ElasticWord][       makeWord][  64] : Creando palabra:  "Many the animal she has mated with,
23 Jul 2012 23:46:50    INFO [entQueue-0][            models.ElasticWord][       makeWord][  64] : Creando palabra:  And will with more to come, until the Greyhound
23 Jul 2012 23:46:50    INFO [entQueue-0][            models.ElasticWord][       makeWord][  64] : Creando palabra:  That shall painfully slaughter her arrives.
26 Jul 2012 13:00:26   TRACE [ion Thread][               residua.Residua][          setup][  59] : inciando setup
26 Jul 2012 13:00:28   TRACE [entQueue-0][               residua.Residua][          setup][  59] : inciando setup
26 Jul 2012 13:00:29    INFO [entQueue-0][                 models.Sphere][lateCoordinates][ 117] : 
26 Jul 2012 13:00:29    INFO [entQueue-0][                 models.Sphere][lateCoordinates][ 117] : 
26 Jul 2012 13:00:29    INFO [entQueue-0][                 models.Sphere][lateCoordinates][ 117] : 
26 Jul 2012 13:00:29    INFO [entQueue-0][                 models.Sphere][lateCoordinates][ 117] : 
26 Jul 2012 13:00:29    INFO [entQueue-0][                 models.Sphere][lateCoordinates][ 117] : 
26 Jul 2012 13:00:29    INFO [entQueue-0][                 models.Sphere][lateCoordinates][ 117] : 
26 Jul 2012 13:00:29    INFO [entQueue-0][                 models.Sphere][lateCoordinates][ 117] : 
26 Jul 2012 13:00:29    INFO [entQueue-0][                 models.Sphere][lateCoordinates][ 117] : 
26 Jul 2012 13:00:29    INFO [entQueue-0][                 models.Sphere][lateCoordinates][ 117] : 
26 Jul 2012 13:00:29    INFO [entQueue-0][                 models.Sphere][lateCoordinates][ 117] : 
26 Jul 2012 13:00:29    INFO [entQueue-0][                 models.Sphere][lateCoordinates][ 117] : 
26 Jul 2012 13:00:29    INFO [entQueue-0][                 models.Sphere][lateCoordinates][ 117] : 
26 Jul 2012 13:00:29    INFO [entQueue-0][                 models.Sphere][lateCoordinates][ 117] : 
26 Jul 2012 13:00:29    INFO [entQueue-0][                 models.Sphere][lateCoordinates][ 117] : 
26 Jul 2012 13:00:29    INFO [entQueue-0][                 models.Sphere][lateCoordinates][ 117] : 
26 Jul 2012 13:00:29    INFO [entQueue-0][                 models.Sphere][lateCoordinates][ 117] : 
26 Jul 2012 13:00:29    INFO [entQueue-0][                 models.Sphere][lateCoordinates][ 117] : 
26 Jul 2012 13:00:29    INFO [entQueue-0][                 models.Sphere][lateCoordinates][ 117] : 
26 Jul 2012 13:00:29    INFO [entQueue-0][                 models.Sphere][lateCoordinates][ 117] : 
26 Jul 2012 13:00:29    INFO [entQueue-0][                 models.Sphere][lateCoordinates][ 117] : 
26 Jul 2012 13:00:29    INFO [entQueue-0][                 models.Sphere][lateCoordinates][ 117] : 
26 Jul 2012 13:00:29    INFO [entQueue-0][                 models.Sphere][lateCoordinates][ 117] : 
26 Jul 2012 13:00:29    INFO [entQueue-0][                 models.Sphere][lateCoordinates][ 117] : 
26 Jul 2012 13:00:29    INFO [entQueue-0][                 models.Sphere][lateCoordinates][ 117] : 
26 Jul 2012 13:00:29    INFO [entQueue-0][            models.ElasticWord][       makeWord][  64] : Creando palabra:  Halfway through the journey we are living
26 Jul 2012 13:00:29    INFO [entQueue-0][            models.ElasticWord][       makeWord][  64] : Creando palabra:  I found myself deep in a darkened forest,
26 Jul 2012 13:00:29    INFO [entQueue-0][            models.ElasticWord][       makeWord][  64] : Creando palabra:  For I had lost all trace of the straight path.
26 Jul 2012 13:00:29    INFO [entQueue-0][            models.ElasticWord][       makeWord][  64] : Creando palabra:  Ah how hard it is to tell what it was like,
26 Jul 2012 13:00:29    INFO [entQueue-0][            models.ElasticWord][       makeWord][  64] : Creando palabra:  How wild the forest was, how dense and rugged!
26 Jul 2012 13:00:29    INFO [entQueue-0][            models.ElasticWord][       makeWord][  64] : Creando palabra:  To think of it still fills my mind with panic.
26 Jul 2012 13:00:29    INFO [entQueue-0][            models.ElasticWord][       makeWord][  64] : Creando palabra:  So bitter it is that death is hardly worse!
26 Jul 2012 13:00:29    INFO [entQueue-0][            models.ElasticWord][       makeWord][  64] : Creando palabra:  But to describe the good discovered there
26 Jul 2012 13:00:29    INFO [entQueue-0][            models.ElasticWord][       makeWord][  64] : Creando palabra:  I here will tell the other things I saw.
26 Jul 2012 13:00:29    INFO [entQueue-0][            models.ElasticWord][       makeWord][  64] : Creando palabra:  I cannot say clearly how I entered there,
26 Jul 2012 13:00:29    INFO [entQueue-0][            models.ElasticWord][       makeWord][  64] : Creando palabra:  So drowsy with sleep had I grown at that hour
26 Jul 2012 13:00:29    INFO [entQueue-0][            models.ElasticWord][       makeWord][  64] : Creando palabra:  When first I wandered off from the true way.
26 Jul 2012 13:00:29    INFO [entQueue-0][            models.ElasticWord][       makeWord][  64] : Creando palabra:  But when I had reached the base of a hill,
26 Jul 2012 13:00:29    INFO [entQueue-0][            models.ElasticWord][       makeWord][  64] : Creando palabra:  There at the border where the valley ended
26 Jul 2012 13:00:29    INFO [entQueue-0][            models.ElasticWord][       makeWord][  64] : Creando palabra:  That had cut my heart to the quick with panic,
26 Jul 2012 13:00:29    INFO [entQueue-0][            models.ElasticWord][       makeWord][  64] : Creando palabra:  I looked up at the hill and saw its shoulder
26 Jul 2012 13:00:29    INFO [entQueue-0][            models.ElasticWord][       makeWord][  64] : Creando palabra:  Mantled already with the planet's light
26 Jul 2012 13:00:29    INFO [entQueue-0][            models.ElasticWord][       makeWord][  64] : Creando palabra:  That leads all people straight by every road.
26 Jul 2012 13:00:29    INFO [entQueue-0][            models.ElasticWord][       makeWord][  64] : Creando palabra:  With that my panic quieted a little
26 Jul 2012 13:00:29    INFO [entQueue-0][            models.ElasticWord][       makeWord][  64] : Creando palabra:  After lingering on in the lake of my heart
26 Jul 2012 13:00:29    INFO [entQueue-0][            models.ElasticWord][       makeWord][  64] : Creando palabra:  Through the night I had so grievously passed.
26 Jul 2012 13:00:29    INFO [entQueue-0][            models.ElasticWord][       makeWord][  64] : Creando palabra:  And like a person who with panting breath
26 Jul 2012 13:00:29    INFO [entQueue-0][            models.ElasticWord][       makeWord][  64] : Creando palabra:  Struggles ashore out of the wide ocean
26 Jul 2012 13:00:29    INFO [entQueue-0][            models.ElasticWord][       makeWord][  64] : Creando palabra:  Only to glance back at the treacherous surf,
26 Jul 2012 13:00:29    INFO [entQueue-0][            models.ElasticWord][       makeWord][  64] : Creando palabra:  Just so my mind, racing on ahead,
26 Jul 2012 13:00:29    INFO [entQueue-0][            models.ElasticWord][       makeWord][  64] : Creando palabra:  Turned back to marvel at the pass no one
26 Jul 2012 13:00:29    INFO [entQueue-0][            models.ElasticWord][       makeWord][  64] : Creando palabra:  Ever before had issued from alive.
26 Jul 2012 13:00:29    INFO [entQueue-0][            models.ElasticWord][       makeWord][  64] : Creando palabra:  After resting awhile my worn-out body,
26 Jul 2012 13:00:29    INFO [entQueue-0][            models.ElasticWord][       makeWord][  64] : Creando palabra:  I pressed on up the wasted slope so that
26 Jul 2012 13:00:29    INFO [entQueue-0][            models.ElasticWord][       makeWord][  64] : Creando palabra:  I always had one firm foot on the ground.
26 Jul 2012 13:00:29    INFO [entQueue-0][            models.ElasticWord][       makeWord][  64] : Creando palabra:  But look! right near the upgrade of the climb
26 Jul 2012 13:00:29    INFO [entQueue-0][            models.ElasticWord][       makeWord][  64] : Creando palabra:  Loomed a fleet and nimble-footed leopard
26 Jul 2012 13:00:29    INFO [entQueue-0][            models.ElasticWord][       makeWord][  64] : Creando palabra:  With coat completely covered by dark spots!
26 Jul 2012 13:00:29    INFO [entQueue-0][            models.ElasticWord][       makeWord][  64] : Creando palabra:  He did not flinch or back off from my gaze,
26 Jul 2012 13:00:29    INFO [entQueue-0][            models.ElasticWord][       makeWord][  64] : Creando palabra:  But blocking the path that lay before me,
26 Jul 2012 13:00:29    INFO [entQueue-0][            models.ElasticWord][       makeWord][  64] : Creando palabra:  Time and again he forced me to turn around.
26 Jul 2012 13:00:29    INFO [entQueue-0][            models.ElasticWord][       makeWord][  64] : Creando palabra:  The hour was the beginning of the morning,
26 Jul 2012 13:00:29    INFO [entQueue-0][            models.ElasticWord][       makeWord][  64] : Creando palabra:  And the sun was rising with those stars
26 Jul 2012 13:00:29    INFO [entQueue-0][            models.ElasticWord][       makeWord][  64] : Creando palabra:  That first attended it when divine Love
26 Jul 2012 13:00:29    INFO [entQueue-0][            models.ElasticWord][       makeWord][  64] : Creando palabra:  Set these lovely creations round in motion,
26 Jul 2012 13:00:29    INFO [entQueue-0][            models.ElasticWord][       makeWord][  64] : Creando palabra:  So that the early hour and the pleasant season
26 Jul 2012 13:00:29    INFO [entQueue-0][            models.ElasticWord][       makeWord][  64] : Creando palabra:  Gave me good reason to keep up my hopes
26 Jul 2012 13:00:29    INFO [entQueue-0][            models.ElasticWord][       makeWord][  64] : Creando palabra:  Of that fierce beast there with his gaudy pelt.
26 Jul 2012 13:00:29    INFO [entQueue-0][            models.ElasticWord][       makeWord][  64] : Creando palabra:  But not so when — to add now to my fears —
26 Jul 2012 13:00:29    INFO [entQueue-0][            models.ElasticWord][       makeWord][  64] : Creando palabra:  In front of me I caught sight of a lion!
26 Jul 2012 13:00:29    INFO [entQueue-0][            models.ElasticWord][       makeWord][  64] : Creando palabra:  He appeared to be coming straight at me
26 Jul 2012 13:00:29    INFO [entQueue-0][            models.ElasticWord][       makeWord][  64] : Creando palabra:  With head held high and furious for hunger,
26 Jul 2012 13:00:29    INFO [entQueue-0][            models.ElasticWord][       makeWord][  64] : Creando palabra:  So that the air itself seemed to be shaking.
26 Jul 2012 13:00:29    INFO [entQueue-0][            models.ElasticWord][       makeWord][  64] : Creando palabra:  And then a wolf stalked, ravenously lean,
26 Jul 2012 13:00:29    INFO [entQueue-0][            models.ElasticWord][       makeWord][  64] : Creando palabra:  Seemingly laden with such endless cravings
26 Jul 2012 13:00:29    INFO [entQueue-0][            models.ElasticWord][       makeWord][  64] : Creando palabra:  That she had made many live in misery!
26 Jul 2012 13:00:29    INFO [entQueue-0][            models.ElasticWord][       makeWord][  64] : Creando palabra:  She caused my spirits to sink down so low,
26 Jul 2012 13:00:29    INFO [entQueue-0][            models.ElasticWord][       makeWord][  64] : Creando palabra:  From the dread I felt in seeing her there,
26 Jul 2012 13:00:29    INFO [entQueue-0][            models.ElasticWord][       makeWord][  64] : Creando palabra:  I lost all hope of climbing to the summit.
26 Jul 2012 13:00:29    INFO [entQueue-0][            models.ElasticWord][       makeWord][  64] : Creando palabra:  And just as a man, anxious for big winnings,
26 Jul 2012 13:00:29    INFO [entQueue-0][            models.ElasticWord][       makeWord][  64] : Creando palabra:  But the time comes instead for him to lose,
26 Jul 2012 13:00:29    INFO [entQueue-0][            models.ElasticWord][       makeWord][  64] : Creando palabra:  Cries and grieves the more he thinks about it,
26 Jul 2012 13:00:29    INFO [entQueue-0][            models.ElasticWord][       makeWord][  64] : Creando palabra:  So did the restless she-beast make me feel
26 Jul 2012 13:00:29    INFO [entQueue-0][            models.ElasticWord][       makeWord][  64] : Creando palabra:  When, edging closer toward me, step by step,
26 Jul 2012 13:00:29    INFO [entQueue-0][            models.ElasticWord][       makeWord][  64] : Creando palabra:  She drove me back to where the sun is silent.
26 Jul 2012 13:00:29    INFO [entQueue-0][            models.ElasticWord][       makeWord][  64] : Creando palabra:  While I was falling back to lower ground,
26 Jul 2012 13:00:29    INFO [entQueue-0][            models.ElasticWord][       makeWord][  64] : Creando palabra:  Before my eyes now came a figure forward
26 Jul 2012 13:00:29    INFO [entQueue-0][            models.ElasticWord][       makeWord][  64] : Creando palabra:  Of one grown feeble from long being mute.
26 Jul 2012 13:00:29    INFO [entQueue-0][            models.ElasticWord][       makeWord][  64] : Creando palabra:  When I saw him in that deserted spot,
26 Jul 2012 13:00:29    INFO [entQueue-0][            models.ElasticWord][       makeWord][  64] : Creando palabra:  "Pity me!" I shouted out to him,
26 Jul 2012 13:00:29    INFO [entQueue-0][            models.ElasticWord][       makeWord][  64] : Creando palabra:  "Whoever you are, a shade or living man."
26 Jul 2012 13:00:29    INFO [entQueue-0][            models.ElasticWord][       makeWord][  64] : Creando palabra:  "Not a man," he answered. "Once a man,
26 Jul 2012 13:00:29    INFO [entQueue-0][            models.ElasticWord][       makeWord][  64] : Creando palabra:  Of parents who had come from Lombardy;
26 Jul 2012 13:00:29    INFO [entQueue-0][            models.ElasticWord][       makeWord][  64] : Creando palabra:  Both of them were Mantuans by birth.
26 Jul 2012 13:00:29    INFO [entQueue-0][            models.ElasticWord][       makeWord][  64] : Creando palabra:  "I was born late in Julius's reign
26 Jul 2012 13:00:29    INFO [entQueue-0][            models.ElasticWord][       makeWord][  64] : Creando palabra:  And dwelt at Rome under the good Augustus
26 Jul 2012 13:00:29    INFO [entQueue-0][            models.ElasticWord][       makeWord][  64] : Creando palabra:  In the period of false and lying gods.
26 Jul 2012 13:00:29    INFO [entQueue-0][            models.ElasticWord][       makeWord][  64] : Creando palabra:  "A poet I was, and I sang of the just
26 Jul 2012 13:00:29    INFO [entQueue-0][            models.ElasticWord][       makeWord][  64] : Creando palabra:  Son of Anchises who embarked from Troy
26 Jul 2012 13:00:29    INFO [entQueue-0][            models.ElasticWord][       makeWord][  64] : Creando palabra:  After proud Ilium was burned to ashes.
26 Jul 2012 13:00:29    INFO [entQueue-0][            models.ElasticWord][       makeWord][  64] : Creando palabra:  "But why do you turn back to so much grief?
26 Jul 2012 13:00:29    INFO [entQueue-0][            models.ElasticWord][       makeWord][  64] : Creando palabra:  Why not bound up the delightful mountain
26 Jul 2012 13:00:29    INFO [entQueue-0][            models.ElasticWord][       makeWord][  64] : Creando palabra:  Which is the source and font of every joy?"
26 Jul 2012 13:00:29    INFO [entQueue-0][            models.ElasticWord][       makeWord][  64] : Creando palabra:  "Are you then Virgil and that wellspring
26 Jul 2012 13:00:29    INFO [entQueue-0][            models.ElasticWord][       makeWord][  64] : Creando palabra:  That pours forth so lush a stream of speech?"
26 Jul 2012 13:00:29    INFO [entQueue-0][            models.ElasticWord][       makeWord][  64] : Creando palabra:  Shamefacedly I responded to him.
26 Jul 2012 13:00:29    INFO [entQueue-0][            models.ElasticWord][       makeWord][  64] : Creando palabra:  "O glory and light of all other poets,
26 Jul 2012 13:00:29    INFO [entQueue-0][            models.ElasticWord][       makeWord][  64] : Creando palabra:  May the long study and the profound love
26 Jul 2012 13:00:29    INFO [entQueue-0][            models.ElasticWord][       makeWord][  64] : Creando palabra:  That made me search your work come to my aid!
26 Jul 2012 13:00:29    INFO [entQueue-0][            models.ElasticWord][       makeWord][  64] : Creando palabra:  "You are my mentor and my chosen author:
26 Jul 2012 13:00:29    INFO [entQueue-0][            models.ElasticWord][       makeWord][  64] : Creando palabra:  Alone you are the one from whom I have taken
26 Jul 2012 13:00:29    INFO [entQueue-0][            models.ElasticWord][       makeWord][  64] : Creando palabra:  The beautiful style that has brought me honor.
26 Jul 2012 13:00:29    INFO [entQueue-0][            models.ElasticWord][       makeWord][  64] : Creando palabra:  "Look at the beast that drove me to turn back!
26 Jul 2012 13:00:29    INFO [entQueue-0][            models.ElasticWord][       makeWord][  64] : Creando palabra:  Rescue me from her, celebrated sage,
26 Jul 2012 13:00:29    INFO [entQueue-0][            models.ElasticWord][       makeWord][  64] : Creando palabra:  For she causes my veins and pulse to tremble."
26 Jul 2012 13:00:29    INFO [entQueue-0][            models.ElasticWord][       makeWord][  64] : Creando palabra:  "You are destined to take another route,"
26 Jul 2012 13:00:29    INFO [entQueue-0][            models.ElasticWord][       makeWord][  64] : Creando palabra:  He answered, seeing me reduced to tears,
26 Jul 2012 13:00:29    INFO [entQueue-0][            models.ElasticWord][       makeWord][  64] : Creando palabra:  "If you want to be clear of this wilderness,
26 Jul 2012 13:00:29    INFO [entQueue-0][            models.ElasticWord][       makeWord][  64] : Creando palabra:  "Because this beast that forces you to cry out
26 Jul 2012 13:00:29    INFO [entQueue-0][            models.ElasticWord][       makeWord][  64] : Creando palabra:  Will not let anyone pass by her way
26 Jul 2012 13:00:29    INFO [entQueue-0][            models.ElasticWord][       makeWord][  64] : Creando palabra:  But harries him until she finally kills him.
26 Jul 2012 13:00:29    INFO [entQueue-0][            models.ElasticWord][       makeWord][  64] : Creando palabra:  "By nature she is so depraved and vicious
26 Jul 2012 13:00:29    INFO [entQueue-0][            models.ElasticWord][       makeWord][  64] : Creando palabra:  That her greedy appetite is never filled:
26 Jul 2012 13:00:29    INFO [entQueue-0][            models.ElasticWord][       makeWord][  64] : Creando palabra:  The more she feeds, the hungrier she grows.
26 Jul 2012 13:00:29    INFO [entQueue-0][            models.ElasticWord][       makeWord][  64] : Creando palabra:  "Many the animal she has mated with,
26 Jul 2012 13:00:29    INFO [entQueue-0][            models.ElasticWord][       makeWord][  64] : Creando palabra:  And will with more to come, until the Greyhound
26 Jul 2012 13:00:29    INFO [entQueue-0][            models.ElasticWord][       makeWord][  64] : Creando palabra:  That shall painfully slaughter her arrives.
